<?xml version="1.0" encoding="utf-8"?><testsuites name="pytest tests"><testsuite name="pytest" errors="0" failures="0" skipped="0" tests="39" time="7.185" timestamp="2026-04-23T10:37:08.049128+00:00" hostname="agent-env-79b5a3f1-4958-4ac3-9158-1135b4dcfc40"><testcase classname="tests.test_queue_system.TestHealth" name="test_root" time="0.817" /><testcase classname="tests.test_queue_system.TestAuth" name="test_register_admin_rejected" time="0.113" /><testcase classname="tests.test_queue_system.TestAuth" name="test_register_customer" time="0.339" /><testcase classname="tests.test_queue_system.TestAuth" name="test_register_duplicate" time="0.103" /><testcase classname="tests.test_queue_system.TestAuth" name="test_register_merchant" time="0.326" /><testcase classname="tests.test_queue_system.TestAuth" name="test_login_admin" time="0.337" /><testcase classname="tests.test_queue_system.TestAuth" name="test_login_invalid" time="0.334" /><testcase classname="tests.test_queue_system.TestAuth" name="test_me_requires_auth" time="0.124" /><testcase classname="tests.test_queue_system.TestAuth" name="test_me_ok" time="0.113" /><testcase classname="tests.test_queue_system.TestRBAC" name="test_customer_cannot_create_merchant" time="0.108" /><testcase classname="tests.test_queue_system.TestRBAC" name="test_customer_cannot_approve" time="0.114" /><testcase classname="tests.test_queue_system.TestRBAC" name="test_customer_cannot_list_admin_users" time="0.113" /><testcase classname="tests.test_queue_system.TestMerchantFlow" name="test_create_merchant_pending" time="0.110" /><testcase classname="tests.test_queue_system.TestMerchantFlow" name="test_mine_lists_own" time="0.118" /><testcase classname="tests.test_queue_system.TestMerchantFlow" name="test_public_list_hides_pending" time="0.101" /><testcase classname="tests.test_queue_system.TestMerchantFlow" name="test_admin_approves" time="0.129" /><testcase classname="tests.test_queue_system.TestMerchantFlow" name="test_public_list_shows_approved" time="0.417" /><testcase classname="tests.test_queue_system.TestMerchantFlow" name="test_add_category" time="0.197" /><testcase classname="tests.test_queue_system.TestMerchantFlow" name="test_category_persisted" time="0.116" /><testcase classname="tests.test_queue_system.TestMerchantFlow" name="test_non_owner_cannot_add_category" time="0.107" /><testcase classname="tests.test_queue_system.TestQueueFlow" name="test_guest_join" time="0.105" /><testcase classname="tests.test_queue_system.TestQueueFlow" name="test_member_join" time="0.102" /><testcase classname="tests.test_queue_system.TestQueueFlow" name="test_queue_status_has_position_eta" time="0.108" /><testcase classname="tests.test_queue_system.TestQueueFlow" name="test_mine_active" time="0.157" /><testcase classname="tests.test_queue_system.TestQueueFlow" name="test_join_wrong_category" time="0.132" /><testcase classname="tests.test_queue_system.TestQueueFlow" name="test_join_pending_merchant" time="0.137" /><testcase classname="tests.test_queue_system.TestQueueFlow" name="test_merchant_queue_view" time="0.129" /><testcase classname="tests.test_queue_system.TestQueueFlow" name="test_customer_forbidden_on_merchant_queue" time="0.303" /><testcase classname="tests.test_queue_system.TestQueueFlow" name="test_call_next" time="0.200" /><testcase classname="tests.test_queue_system.TestQueueFlow" name="test_tv_display" time="0.112" /><testcase classname="tests.test_queue_system.TestQueueFlow" name="test_call_next_again_serves_previous" time="0.180" /><testcase classname="tests.test_queue_system.TestQueueFlow" name="test_serve_current" time="0.159" /><testcase classname="tests.test_queue_system.TestQueueFlow" name="test_call_next_empty" time="0.119" /><testcase classname="tests.test_queue_system.TestQueueFlow" name="test_skip" time="0.229" /><testcase classname="tests.test_queue_system.TestAdmin" name="test_stats" time="0.105" /><testcase classname="tests.test_queue_system.TestAdmin" name="test_users_list" time="0.111" /><testcase classname="tests.test_queue_system.TestAdmin" name="test_merchants_list" time="0.119" /><testcase classname="tests.test_queue_system.TestAdmin" name="test_suspend" time="0.154" /><testcase classname="tests.test_queue_system.TestAdmin" name="test_approve_nonexistent" time="0.115" /></testsuite></testsuites>