<?xml version="1.0" encoding="utf-8"?><testsuites name="pytest tests"><testsuite name="pytest" errors="0" failures="0" skipped="0" tests="64" time="10.978" timestamp="2026-04-23T12:56:49.428324+00:00" hostname="agent-env-79b5a3f1-4958-4ac3-9158-1135b4dcfc40"><testcase classname="backend.tests.test_iter2_new_features.TestOAuth" name="test_invalid_session_id_returns_401" time="0.345" /><testcase classname="backend.tests.test_iter2_new_features.TestSettings" name="test_public_settings" time="0.117" /><testcase classname="backend.tests.test_iter2_new_features.TestSettings" name="test_admin_update_valid_theme" time="0.575" /><testcase classname="backend.tests.test_iter2_new_features.TestSettings" name="test_admin_invalid_theme_400" time="0.131" /><testcase classname="backend.tests.test_iter2_new_features.TestSettings" name="test_non_admin_cannot_update_settings" time="0.441" /><testcase classname="backend.tests.test_iter2_new_features.TestMerchantProfileFields" name="test_create_carries_new_fields" time="0.823" /><testcase classname="backend.tests.test_iter2_new_features.TestMerchantProfileFields" name="test_update_fields" time="0.217" /><testcase classname="backend.tests.test_iter2_new_features.TestMerchantProfileFields" name="test_closed_merchant_rejects_join" time="0.216" /><testcase classname="backend.tests.test_iter2_new_features.TestPackages" name="test_admin_create_package" time="0.110" /><testcase classname="backend.tests.test_iter2_new_features.TestPackages" name="test_admin_list_packages" time="0.108" /><testcase classname="backend.tests.test_iter2_new_features.TestPackages" name="test_public_packages_active_only" time="0.113" /><testcase classname="backend.tests.test_iter2_new_features.TestPackages" name="test_update_package" time="0.112" /><testcase classname="backend.tests.test_iter2_new_features.TestPackages" name="test_non_admin_cannot_create" time="0.114" /><testcase classname="backend.tests.test_iter2_new_features.TestPaymentsSubscriptions" name="test_create_payment" time="0.116" /><testcase classname="backend.tests.test_iter2_new_features.TestPaymentsSubscriptions" name="test_get_payment" time="0.118" /><testcase classname="backend.tests.test_iter2_new_features.TestPaymentsSubscriptions" name="test_confirm_payment_creates_subscription" time="0.125" /><testcase classname="backend.tests.test_iter2_new_features.TestPaymentsSubscriptions" name="test_my_subscriptions_shows_active" time="0.116" /><testcase classname="backend.tests.test_iter2_new_features.TestPaymentsSubscriptions" name="test_admin_list_subscriptions" time="0.110" /><testcase classname="backend.tests.test_iter2_new_features.TestPaymentsSubscriptions" name="test_admin_update_subscription_status" time="0.155" /><testcase classname="backend.tests.test_iter2_new_features.TestQuotaEnforcement" name="test_customer_without_sub_gets_402" time="0.460" /><testcase classname="backend.tests.test_iter2_new_features.TestQuotaEnforcement" name="test_guest_allowed_without_sub" time="0.109" /><testcase classname="backend.tests.test_iter2_new_features.TestQuotaEnforcement" name="test_customer_with_sub_join_and_credits_decrement" time="0.228" /><testcase classname="backend.tests.test_iter2_new_features.TestQueueStats" name="test_queue_stats_shape" time="0.126" /><testcase classname="backend.tests.test_iter2_new_features.TestQueueStats" name="test_non_admin_forbidden" time="0.145" /><testcase classname="backend.tests.test_iter2_new_features.TestTV" name="test_tv_has_merchant_photos" time="0.112" /><testcase classname="backend.tests.test_queue_system.TestHealth" name="test_root" time="0.106" /><testcase classname="backend.tests.test_queue_system.TestAuth" name="test_register_admin_rejected" time="0.107" /><testcase classname="backend.tests.test_queue_system.TestAuth" name="test_register_customer" time="0.333" /><testcase classname="backend.tests.test_queue_system.TestAuth" name="test_register_duplicate" time="0.125" /><testcase classname="backend.tests.test_queue_system.TestAuth" name="test_register_merchant" time="0.326" /><testcase classname="backend.tests.test_queue_system.TestAuth" name="test_login_admin" time="0.000" /><testcase classname="backend.tests.test_queue_system.TestAuth" name="test_login_invalid" time="0.336" /><testcase classname="backend.tests.test_queue_system.TestAuth" name="test_me_requires_auth" time="0.111" /><testcase classname="backend.tests.test_queue_system.TestAuth" name="test_me_ok" time="0.116" /><testcase classname="backend.tests.test_queue_system.TestRBAC" name="test_customer_cannot_create_merchant" time="0.113" /><testcase classname="backend.tests.test_queue_system.TestRBAC" name="test_customer_cannot_approve" time="0.127" /><testcase classname="backend.tests.test_queue_system.TestRBAC" name="test_customer_cannot_list_admin_users" time="0.108" /><testcase classname="backend.tests.test_queue_system.TestMerchantFlow" name="test_create_merchant_pending" time="0.112" /><testcase classname="backend.tests.test_queue_system.TestMerchantFlow" name="test_mine_lists_own" time="0.116" /><testcase classname="backend.tests.test_queue_system.TestMerchantFlow" name="test_public_list_hides_pending" time="0.125" /><testcase classname="backend.tests.test_queue_system.TestMerchantFlow" name="test_admin_approves" time="0.115" /><testcase classname="backend.tests.test_queue_system.TestMerchantFlow" name="test_public_list_shows_approved" time="0.130" /><testcase classname="backend.tests.test_queue_system.TestMerchantFlow" name="test_add_category" time="0.128" /><testcase classname="backend.tests.test_queue_system.TestMerchantFlow" name="test_category_persisted" time="0.108" /><testcase classname="backend.tests.test_queue_system.TestMerchantFlow" name="test_non_owner_cannot_add_category" time="0.122" /><testcase classname="backend.tests.test_queue_system.TestQueueFlow" name="test_guest_join" time="0.112" /><testcase classname="backend.tests.test_queue_system.TestQueueFlow" name="test_member_join" time="0.152" /><testcase classname="backend.tests.test_queue_system.TestQueueFlow" name="test_queue_status_has_position_eta" time="0.123" /><testcase classname="backend.tests.test_queue_system.TestQueueFlow" name="test_mine_active" time="0.101" /><testcase classname="backend.tests.test_queue_system.TestQueueFlow" name="test_join_wrong_category" time="0.107" /><testcase classname="backend.tests.test_queue_system.TestQueueFlow" name="test_join_pending_merchant" time="0.152" /><testcase classname="backend.tests.test_queue_system.TestQueueFlow" name="test_merchant_queue_view" time="0.125" /><testcase classname="backend.tests.test_queue_system.TestQueueFlow" name="test_customer_forbidden_on_merchant_queue" time="0.106" /><testcase classname="backend.tests.test_queue_system.TestQueueFlow" name="test_call_next" time="0.107" /><testcase classname="backend.tests.test_queue_system.TestQueueFlow" name="test_tv_display" time="0.112" /><testcase classname="backend.tests.test_queue_system.TestQueueFlow" name="test_call_next_again_serves_previous" time="0.202" /><testcase classname="backend.tests.test_queue_system.TestQueueFlow" name="test_serve_current" time="0.192" /><testcase classname="backend.tests.test_queue_system.TestQueueFlow" name="test_call_next_empty" time="0.115" /><testcase classname="backend.tests.test_queue_system.TestQueueFlow" name="test_skip" time="0.252" /><testcase classname="backend.tests.test_queue_system.TestAdmin" name="test_stats" time="0.150" /><testcase classname="backend.tests.test_queue_system.TestAdmin" name="test_users_list" time="0.106" /><testcase classname="backend.tests.test_queue_system.TestAdmin" name="test_merchants_list" time="0.124" /><testcase classname="backend.tests.test_queue_system.TestAdmin" name="test_suspend" time="0.176" /><testcase classname="backend.tests.test_queue_system.TestAdmin" name="test_approve_nonexistent" time="0.113" /></testsuite></testsuites>